Дата и время: 2024-05-27 10:56:31.835506 
Название функции: hello_world 
Аргументы: (), {} 
Функция вернула: Hello World

Дата и время: 2024-05-27 10:56:31.835624 
Название функции: summator 
Аргументы: (2, 2), {} 
Функция вернула: 4

Дата и время: 2024-05-27 10:56:31.835667 
Название функции: div 
Аргументы: (6, 2), {} 
Функция вернула: 3.0

Дата и время: 2024-05-27 10:56:31.835725 
Название функции: summator 
Аргументы: (4.3,), {'b': 2.2} 
Функция вернула: 6.5

Дата и время: 2024-05-27 10:56:31.835762 
Название функции: summator 
Аргументы: (), {'a': 0, 'b': 0} 
Функция вернула: 0

